                              1 ;--------------------------------------------------------
                              2 ; File Created by SDCC : FreeWare ANSI-C Compiler
                              3 ; Version 2.2.1 Wed Mar 05 17:49:51 2025
                              4 
                              5 ;--------------------------------------------------------
                              6 	.module lcc239160
                              7 	
                              8 ;--------------------------------------------------------
                              9 ; Public variables in this module
                             10 ;--------------------------------------------------------
                             11 	.globl _main
                             12 	.globl _scroll_sprite
                             13 	.globl _move_sprite
                             14 	.globl _set_sprite_tile
                             15 	.globl _set_sprite_data
                             16 	.globl _wait_vbl_done
                             17 	.globl _delay
                             18 	.globl _XOSprites
                             19 	.globl _main
                             20 ;--------------------------------------------------------
                             21 ; Externals used
                             22 ;--------------------------------------------------------
                             23 	.globl _IE_REG
                             24 	.globl _SVBK_REG
                             25 	.globl _OCPD_REG
                             26 	.globl _OCPS_REG
                             27 	.globl _BCPD_REG
                             28 	.globl _BCPS_REG
                             29 	.globl _RP_REG
                             30 	.globl _HDMA5_REG
                             31 	.globl _HDMA4_REG
                             32 	.globl _HDMA3_REG
                             33 	.globl _HDMA2_REG
                             34 	.globl _HDMA1_REG
                             35 	.globl _VBK_REG
                             36 	.globl _KEY1_REG
                             37 	.globl _WX_REG
                             38 	.globl _WY_REG
                             39 	.globl _OBP1_REG
                             40 	.globl _OBP0_REG
                             41 	.globl _BGP_REG
                             42 	.globl _DMA_REG
                             43 	.globl _LYC_REG
                             44 	.globl _LY_REG
                             45 	.globl _SCX_REG
                             46 	.globl _SCY_REG
                             47 	.globl _STAT_REG
                             48 	.globl _LCDC_REG
                             49 	.globl _NR52_REG
                             50 	.globl _NR51_REG
                             51 	.globl _NR50_REG
                             52 	.globl _NR44_REG
                             53 	.globl _NR43_REG
                             54 	.globl _NR42_REG
                             55 	.globl _NR41_REG
                             56 	.globl _NR34_REG
                             57 	.globl _NR33_REG
                             58 	.globl _NR32_REG
                             59 	.globl _NR31_REG
                             60 	.globl _NR30_REG
                             61 	.globl _NR24_REG
                             62 	.globl _NR23_REG
                             63 	.globl _NR22_REG
                             64 	.globl _NR21_REG
                             65 	.globl _NR14_REG
                             66 	.globl _NR13_REG
                             67 	.globl _NR12_REG
                             68 	.globl _NR11_REG
                             69 	.globl _NR10_REG
                             70 	.globl _IF_REG
                             71 	.globl _TAC_REG
                             72 	.globl _TMA_REG
                             73 	.globl _TIMA_REG
                             74 	.globl _DIV_REG
                             75 	.globl _SC_REG
                             76 	.globl _SB_REG
                             77 	.globl _P1_REG
                             78 	.globl __io_out
                             79 	.globl __io_in
                             80 	.globl __io_status
                             81 	.globl _sys_time
                             82 	.globl __cpu
                             83 ;--------------------------------------------------------
                             84 ; special function registers
                             85 ;--------------------------------------------------------
                             86 ;--------------------------------------------------------
                             87 ; special function bits 
                             88 ;--------------------------------------------------------
                             89 ;--------------------------------------------------------
                             90 ; internal ram data
                             91 ;--------------------------------------------------------
                             92 	.area _DATA
   0000                      93 _XOSprites::
   0000                      94 	.ds 32
                             95 ;--------------------------------------------------------
                             96 ; overlayable items in internal ram 
                             97 ;--------------------------------------------------------
                             98 	.area _OVERLAY
                             99 ;--------------------------------------------------------
                            100 ; indirectly addressable internal ram data
                            101 ;--------------------------------------------------------
                            102 	.area _ISEG
                            103 ;--------------------------------------------------------
                            104 ; bit data
                            105 ;--------------------------------------------------------
                            106 	.area _BSEG
                            107 ;--------------------------------------------------------
                            108 ; external ram data
                            109 ;--------------------------------------------------------
                            110 	.area _XSEG
                            111 ;--------------------------------------------------------
                            112 ; global & static initialisations
                            113 ;--------------------------------------------------------
                            114 	.area _GSINIT
                            115 	.area _GSFINAL
                            116 	.area _GSINIT
                            117 ;	main.c 24
                            118 ; genAssign (pointer)
   0000 11 00 00            119 	ld	de,#_XOSprites + 0
   0003 3E 81               120 	ld	a,#0x81
   0005 12                  121 	ld	(de),a
                            122 ; genPlus
                            123 ; genPlusIncr
   0006 11 01 00            124 	ld	de,#_XOSprites + 0 + 1
                            125 ; genAssign (pointer)
   0009 3E 81               126 	ld	a,#0x81
   000B 12                  127 	ld	(de),a
                            128 ; genPlus
                            129 ; genPlusIncr
   000C 11 02 00            130 	ld	de,#_XOSprites + 0 + 2
                            131 ; genAssign (pointer)
   000F 3E 42               132 	ld	a,#0x42
   0011 12                  133 	ld	(de),a
                            134 ; genPlus
                            135 ; genPlusIncr
   0012 11 03 00            136 	ld	de,#_XOSprites + 0 + 3
                            137 ; genAssign (pointer)
   0015 3E 42               138 	ld	a,#0x42
   0017 12                  139 	ld	(de),a
                            140 ; genPlus
                            141 ; genPlusIncr
   0018 11 04 00            142 	ld	de,#_XOSprites + 0 + 4
                            143 ; genAssign (pointer)
   001B 3E 24               144 	ld	a,#0x24
   001D 12                  145 	ld	(de),a
                            146 ; genPlus
                            147 ; genPlusIncr
   001E 11 05 00            148 	ld	de,#_XOSprites + 0 + 5
                            149 ; genAssign (pointer)
   0021 3E 24               150 	ld	a,#0x24
   0023 12                  151 	ld	(de),a
                            152 ; genPlus
                            153 ; genPlusIncr
   0024 11 06 00            154 	ld	de,#_XOSprites + 0 + 6
                            155 ; genAssign (pointer)
   0027 3E 18               156 	ld	a,#0x18
   0029 12                  157 	ld	(de),a
                            158 ; genPlus
                            159 ; genPlusIncr
   002A 11 07 00            160 	ld	de,#_XOSprites + 0 + 7
                            161 ; genAssign (pointer)
   002D 3E 18               162 	ld	a,#0x18
   002F 12                  163 	ld	(de),a
                            164 ; genPlus
                            165 ; genPlusIncr
   0030 11 08 00            166 	ld	de,#_XOSprites + 0 + 8
                            167 ; genAssign (pointer)
   0033 3E 18               168 	ld	a,#0x18
   0035 12                  169 	ld	(de),a
                            170 ; genPlus
                            171 ; genPlusIncr
   0036 11 09 00            172 	ld	de,#_XOSprites + 0 + 9
                            173 ; genAssign (pointer)
   0039 3E 18               174 	ld	a,#0x18
   003B 12                  175 	ld	(de),a
                            176 ; genPlus
                            177 ; genPlusIncr
   003C 11 0A 00            178 	ld	de,#_XOSprites + 0 + 10
                            179 ; genAssign (pointer)
   003F 3E 24               180 	ld	a,#0x24
   0041 12                  181 	ld	(de),a
                            182 ; genPlus
                            183 ; genPlusIncr
   0042 11 0B 00            184 	ld	de,#_XOSprites + 0 + 11
                            185 ; genAssign (pointer)
   0045 3E 24               186 	ld	a,#0x24
   0047 12                  187 	ld	(de),a
                            188 ; genPlus
                            189 ; genPlusIncr
   0048 11 0C 00            190 	ld	de,#_XOSprites + 0 + 12
                            191 ; genAssign (pointer)
   004B 3E 42               192 	ld	a,#0x42
   004D 12                  193 	ld	(de),a
                            194 ; genPlus
                            195 ; genPlusIncr
   004E 11 0D 00            196 	ld	de,#_XOSprites + 0 + 13
                            197 ; genAssign (pointer)
   0051 3E 42               198 	ld	a,#0x42
   0053 12                  199 	ld	(de),a
                            200 ; genPlus
                            201 ; genPlusIncr
   0054 11 0E 00            202 	ld	de,#_XOSprites + 0 + 14
                            203 ; genAssign (pointer)
   0057 3E 81               204 	ld	a,#0x81
   0059 12                  205 	ld	(de),a
                            206 ; genPlus
                            207 ; genPlusIncr
   005A 11 0F 00            208 	ld	de,#_XOSprites + 0 + 15
                            209 ; genAssign (pointer)
   005D 3E 81               210 	ld	a,#0x81
   005F 12                  211 	ld	(de),a
                            212 ; genPlus
                            213 ; genPlusIncr
   0060 11 10 00            214 	ld	de,#_XOSprites + 0 + 16
                            215 ; genAssign (pointer)
   0063 3E 7E               216 	ld	a,#0x7E
   0065 12                  217 	ld	(de),a
                            218 ; genPlus
                            219 ; genPlusIncr
   0066 11 11 00            220 	ld	de,#_XOSprites + 0 + 17
                            221 ; genAssign (pointer)
   0069 3E 7E               222 	ld	a,#0x7E
   006B 12                  223 	ld	(de),a
                            224 ; genPlus
                            225 ; genPlusIncr
   006C 11 12 00            226 	ld	de,#_XOSprites + 0 + 18
                            227 ; genAssign (pointer)
   006F 3E 81               228 	ld	a,#0x81
   0071 12                  229 	ld	(de),a
                            230 ; genPlus
                            231 ; genPlusIncr
   0072 11 13 00            232 	ld	de,#_XOSprites + 0 + 19
                            233 ; genAssign (pointer)
   0075 3E 81               234 	ld	a,#0x81
   0077 12                  235 	ld	(de),a
                            236 ; genPlus
                            237 ; genPlusIncr
   0078 11 14 00            238 	ld	de,#_XOSprites + 0 + 20
                            239 ; genAssign (pointer)
   007B 3E 81               240 	ld	a,#0x81
   007D 12                  241 	ld	(de),a
                            242 ; genPlus
                            243 ; genPlusIncr
   007E 11 15 00            244 	ld	de,#_XOSprites + 0 + 21
                            245 ; genAssign (pointer)
   0081 3E 81               246 	ld	a,#0x81
   0083 12                  247 	ld	(de),a
                            248 ; genPlus
                            249 ; genPlusIncr
   0084 11 16 00            250 	ld	de,#_XOSprites + 0 + 22
                            251 ; genAssign (pointer)
   0087 3E 81               252 	ld	a,#0x81
   0089 12                  253 	ld	(de),a
                            254 ; genPlus
                            255 ; genPlusIncr
   008A 11 17 00            256 	ld	de,#_XOSprites + 0 + 23
                            257 ; genAssign (pointer)
   008D 3E 81               258 	ld	a,#0x81
   008F 12                  259 	ld	(de),a
                            260 ; genPlus
                            261 ; genPlusIncr
   0090 11 18 00            262 	ld	de,#_XOSprites + 0 + 24
                            263 ; genAssign (pointer)
   0093 3E 81               264 	ld	a,#0x81
   0095 12                  265 	ld	(de),a
                            266 ; genPlus
                            267 ; genPlusIncr
   0096 11 19 00            268 	ld	de,#_XOSprites + 0 + 25
                            269 ; genAssign (pointer)
   0099 3E 81               270 	ld	a,#0x81
   009B 12                  271 	ld	(de),a
                            272 ; genPlus
                            273 ; genPlusIncr
   009C 11 1A 00            274 	ld	de,#_XOSprites + 0 + 26
                            275 ; genAssign (pointer)
   009F 3E 81               276 	ld	a,#0x81
   00A1 12                  277 	ld	(de),a
                            278 ; genPlus
                            279 ; genPlusIncr
   00A2 11 1B 00            280 	ld	de,#_XOSprites + 0 + 27
                            281 ; genAssign (pointer)
   00A5 3E 81               282 	ld	a,#0x81
   00A7 12                  283 	ld	(de),a
                            284 ; genPlus
                            285 ; genPlusIncr
   00A8 11 1C 00            286 	ld	de,#_XOSprites + 0 + 28
                            287 ; genAssign (pointer)
   00AB 3E 81               288 	ld	a,#0x81
   00AD 12                  289 	ld	(de),a
                            290 ; genPlus
                            291 ; genPlusIncr
   00AE 11 1D 00            292 	ld	de,#_XOSprites + 0 + 29
                            293 ; genAssign (pointer)
   00B1 3E 81               294 	ld	a,#0x81
   00B3 12                  295 	ld	(de),a
                            296 ; genPlus
                            297 ; genPlusIncr
   00B4 11 1E 00            298 	ld	de,#_XOSprites + 0 + 30
                            299 ; genAssign (pointer)
   00B7 3E 7E               300 	ld	a,#0x7E
   00B9 12                  301 	ld	(de),a
                            302 ; genPlus
                            303 ; genPlusIncr
   00BA 11 1F 00            304 	ld	de,#_XOSprites + 0 + 31
                            305 ; genAssign (pointer)
   00BD 3E 7E               306 	ld	a,#0x7E
   00BF 12                  307 	ld	(de),a
                            308 ;--------------------------------------------------------
                            309 ; Home
                            310 ;--------------------------------------------------------
                            311 	.area _HOME
                            312 	.area _CODE
                            313 ;--------------------------------------------------------
                            314 ; code
                            315 ;--------------------------------------------------------
                            316 	.area _CODE
                            317 ;	main.c 5
                            318 ; genLabel
                            319 ; genFunction
                            320 ;	---------------------------------
                            321 ; Function main
                            322 ; ---------------------------------
   0000                     323 ___main_start:
   0000                     324 _main:
   0000 C5                  325 	push	bc
                            326 	
                            327 ;	main.c 6
                            328 ; genAssign
   0001 0E 00               329 	ld	c,#0x00
                            330 ;	main.c 8
                            331 ; genIpush
   0003 21 00 00            332 	ld	hl,#_XOSprites + 0
   0006 E5                  333 	push	hl
                            334 ; genIpush
   0007 3E 02               335 	ld	a,#0x02
   0009 F5                  336 	push	af
   000A 33                  337 	inc	sp
                            338 ; genIpush
   000B 3E 00               339 	ld	a,#0x00
   000D F5                  340 	push	af
   000E 33                  341 	inc	sp
                            342 ; genCall
   000F CD 00 00            343 	call	_set_sprite_data
   0012 E8 04               344 	lda	sp,4(sp)
                            345 ;	main.c 9
                            346 ; genIpush
   0014 3E 00               347 	ld	a,#0x00
   0016 F5                  348 	push	af
   0017 33                  349 	inc	sp
                            350 ; genIpush
   0018 3E 00               351 	ld	a,#0x00
   001A F5                  352 	push	af
   001B 33                  353 	inc	sp
                            354 ; genCall
   001C CD 00 00            355 	call	_set_sprite_tile
   001F E8 02               356 	lda	sp,2(sp)
                            357 ;	main.c 10
                            358 ; genIpush
   0021 3E 4E               359 	ld	a,#0x4E
   0023 F5                  360 	push	af
   0024 33                  361 	inc	sp
                            362 ; genIpush
   0025 3E 58               363 	ld	a,#0x58
   0027 F5                  364 	push	af
   0028 33                  365 	inc	sp
                            366 ; genIpush
   0029 3E 00               367 	ld	a,#0x00
   002B F5                  368 	push	af
   002C 33                  369 	inc	sp
                            370 ; genCall
   002D CD 00 00            371 	call	_move_sprite
   0030 E8 03               372 	lda	sp,3(sp)
                            373 ;	main.c 11
                            374 ; genOr
                            375 ; AOP_SFR for _LCDC_REG
                            376 ; Type res[4] = l[4]&r[1]
                            377 ; Size res[1] = l[1]&r[1]
   0032 F0 00               378 	ldh	a,(_LCDC_REG+0) ; x
   0034 F6 02               379 	or	a,#0x02
   0036 E0 00               380 	ldh	(_LCDC_REG+0),a
                            381 ;	main.c 13
                            382 ; genLabel
   0038                     383 00102$:
                            384 ;	main.c 14
                            385 ; genNot
   0038 AF                  386 	xor	a,a
   0039 B1                  387 	or	a,c
   003A D6 01               388 	sub	a,#0x01
   003C 3E 00               389 	ld	a,#0x00
   003E 17                  390 	rla
   003F 4F                  391 	ld	c,a
                            392 ;	main.c 15
                            393 ; genIpush
   0040 79                  394 	ld	a,c
   0041 F5                  395 	push	af
   0042 33                  396 	inc	sp
                            397 ; genIpush
   0043 3E 00               398 	ld	a,#0x00
   0045 F5                  399 	push	af
   0046 33                  400 	inc	sp
                            401 ; genCall
   0047 CD 00 00            402 	call	_set_sprite_tile
   004A E8 02               403 	lda	sp,2(sp)
                            404 ;	main.c 16
                            405 ; genIpush
   004C 3E 00               406 	ld	a,#0x00
   004E F5                  407 	push	af
   004F 33                  408 	inc	sp
                            409 ; genIpush
   0050 3E 0A               410 	ld	a,#0x0A
   0052 F5                  411 	push	af
   0053 33                  412 	inc	sp
                            413 ; genIpush
   0054 3E 00               414 	ld	a,#0x00
   0056 F5                  415 	push	af
   0057 33                  416 	inc	sp
                            417 ; genCall
   0058 CD 00 00            418 	call	_scroll_sprite
   005B E8 03               419 	lda	sp,3(sp)
                            420 ;	main.c 17
                            421 ; genCall
   005D CD 00 00            422 	call	_wait_vbl_done
                            423 ;	main.c 18
                            424 ; genIpush
   0060 21 F4 01            425 	ld	hl,#0x01F4
   0063 E5                  426 	push	hl
                            427 ; genCall
   0064 CD 00 00            428 	call	_delay
   0067 E8 02               429 	lda	sp,2(sp)
                            430 ; genGoto
   0069 C3 38 00            431 	jp	00102$
                            432 ; genLabel
   006C                     433 00104$:
                            434 ; genEndFunction
                            435 	
   006C C1                  436 	pop	bc
   006D C9                  437 	ret
   006E                     438 ___main_end:
                            439 	.area _CODE
ASxxxx Assembler V01.75  (GameBoy Z80-like CPU), page 1.

Symbol Table

    _BCPD_REG                          **** GX
    _BCPS_REG                          **** GX
    _BGP_REG                           **** GX
    _DIV_REG                           **** GX
    _DMA_REG                           **** GX
    _HDMA1_REG                         **** GX
    _HDMA2_REG                         **** GX
    _HDMA3_REG                         **** GX
    _HDMA4_REG                         **** GX
    _HDMA5_REG                         **** GX
    _IE_REG                            **** GX
    _IF_REG                            **** GX
    _KEY1_REG                          **** GX
    _LCDC_REG                          **** GX
    _LYC_REG                           **** GX
    _LY_REG                            **** GX
    _NR10_REG                          **** GX
    _NR11_REG                          **** GX
    _NR12_REG                          **** GX
    _NR13_REG                          **** GX
    _NR14_REG                          **** GX
    _NR21_REG                          **** GX
    _NR22_REG                          **** GX
    _NR23_REG                          **** GX
    _NR24_REG                          **** GX
    _NR30_REG                          **** GX
    _NR31_REG                          **** GX
    _NR32_REG                          **** GX
    _NR33_REG                          **** GX
    _NR34_REG                          **** GX
    _NR41_REG                          **** GX
    _NR42_REG                          **** GX
    _NR43_REG                          **** GX
    _NR44_REG                          **** GX
    _NR50_REG                          **** GX
    _NR51_REG                          **** GX
    _NR52_REG                          **** GX
    _OBP0_REG                          **** GX
    _OBP1_REG                          **** GX
    _OCPD_REG                          **** GX
    _OCPS_REG                          **** GX
    _P1_REG                            **** GX
    _RP_REG                            **** GX
    _SB_REG                            **** GX
    _SCX_REG                           **** GX
    _SCY_REG                           **** GX
    _SC_REG                            **** GX
    _STAT_REG                          **** GX
    _SVBK_REG                          **** GX
    _TAC_REG                           **** GX
    _TIMA_REG                          **** GX
    _TMA_REG                           **** GX
    _VBK_REG                           **** GX
    _WX_REG                            **** GX
    _WY_REG                            **** GX
  1 _XOSprites                         0000 GR
  0 ___main_end                        006E R
  0 ___main_start                      0000 R
    __cpu                              **** GX
    __io_in                            **** GX
    __io_out                           **** GX
    __io_status                        **** GX
    _delay                             **** GX
  0 _main                              0000 GR
    _move_sprite                       **** GX
    _scroll_sprite                     **** GX
    _set_sprite_data                   **** GX
    _set_sprite_tile                   **** GX
    _sys_time                          **** GX
    _wait_vbl_done                     **** GX

ASxxxx Assembler V01.75  (GameBoy Z80-like CPU), page 2.

Area Table

   0 _CODE                              size   6E   flags 0
   1 _DATA                              size   20   flags 0
   2 _OVERLAY                           size    0   flags 0
   3 _ISEG                              size    0   flags 0
   4 _BSEG                              size    0   flags 0
   5 _XSEG                              size    0   flags 0
   6 _GSINIT                            size   C0   flags 0
   7 _GSFINAL                           size    0   flags 0
   8 _HOME                              size    0   flags 0
